<?xml version="1.0" encoding="UTF-8"?>
<testsuite xmlns:xsi="http://www.w3.org/2001/XMLSchema-instance" xsi:noNamespaceSchemaLocation="https://maven.apache.org/surefire/maven-surefire-plugin/xsd/surefire-test-report-3.0.xsd" version="3.0" name="com.easyflow.demodecompileapk.DemoDecompileApkApplicationTests" time="3.305" tests="1" errors="0" skipped="0" failures="0">
  <properties>
    <property name="java.specification.version" value="17"/>
    <property name="sun.cpu.isalist" value="amd64"/>
    <property name="sun.jnu.encoding" value="Cp1252"/>
    <property name="java.class.path" value="C:\Users\Lemache Cristhian\Documents\demoDecompileApk\target\test-classes;C:\Users\Lemache Cristhian\Documents\demoDecompileApk\target\classes;C:\Users\Lemache Cristhian\.m2\repository\org\springframework\boot\spring-boot-starter-web\3.3.2\spring-boot-starter-web-3.3.2.jar;C:\Users\Lemache Cristhian\.m2\repository\org\springframework\boot\spring-boot-starter\3.3.2\spring-boot-starter-3.3.2.jar;C:\Users\Lemache Cristhian\.m2\repository\org\springframework\boot\spring-boot\3.3.2\spring-boot-3.3.2.jar;C:\Users\Lemache Cristhian\.m2\repository\org\springframework\boot\spring-boot-autoconfigure\3.3.2\spring-boot-autoconfigure-3.3.2.jar;C:\Users\Lemache Cristhian\.m2\repository\org\springframework\boot\spring-boot-starter-logging\3.3.2\spring-boot-starter-logging-3.3.2.jar;C:\Users\Lemache Cristhian\.m2\repository\ch\qos\logback\logback-classic\1.5.6\logback-classic-1.5.6.jar;C:\Users\Lemache Cristhian\.m2\repository\ch\qos\logback\logback-core\1.5.6\logback-core-1.5.6.jar;C:\Users\Lemache Cristhian\.m2\repository\org\apache\logging\log4j\log4j-to-slf4j\2.23.1\log4j-to-slf4j-2.23.1.jar;C:\Users\Lemache Cristhian\.m2\repository\org\apache\logging\log4j\log4j-api\2.23.1\log4j-api-2.23.1.jar;C:\Users\Lemache Cristhian\.m2\repository\org\slf4j\jul-to-slf4j\2.0.13\jul-to-slf4j-2.0.13.jar;C:\Users\Lemache Cristhian\.m2\repository\jakarta\annotation\jakarta.annotation-api\2.1.1\jakarta.annotation-api-2.1.1.jar;C:\Users\Lemache Cristhian\.m2\repository\org\yaml\snakeyaml\2.2\snakeyaml-2.2.jar;C:\Users\Lemache Cristhian\.m2\repository\org\springframework\boot\spring-boot-starter-json\3.3.2\spring-boot-starter-json-3.3.2.jar;C:\Users\Lemache Cristhian\.m2\repository\com\fasterxml\jackson\datatype\jackson-datatype-jdk8\2.17.2\jackson-datatype-jdk8-2.17.2.jar;C:\Users\Lemache Cristhian\.m2\repository\com\fasterxml\jackson\datatype\jackson-datatype-jsr310\2.17.2\jackson-datatype-jsr310-2.17.2.jar;C:\Users\Lemache Cristhian\.m2\repository\com\fasterxml\jackson\module\jackson-module-parameter-names\2.17.2\jackson-module-parameter-names-2.17.2.jar;C:\Users\Lemache Cristhian\.m2\repository\org\springframework\boot\spring-boot-starter-tomcat\3.3.2\spring-boot-starter-tomcat-3.3.2.jar;C:\Users\Lemache Cristhian\.m2\repository\org\apache\tomcat\embed\tomcat-embed-core\10.1.26\tomcat-embed-core-10.1.26.jar;C:\Users\Lemache Cristhian\.m2\repository\org\apache\tomcat\embed\tomcat-embed-el\10.1.26\tomcat-embed-el-10.1.26.jar;C:\Users\Lemache Cristhian\.m2\repository\org\apache\tomcat\embed\tomcat-embed-websocket\10.1.26\tomcat-embed-websocket-10.1.26.jar;C:\Users\Lemache Cristhian\.m2\repository\org\springframework\spring-web\6.1.11\spring-web-6.1.11.jar;C:\Users\Lemache Cristhian\.m2\repository\org\springframework\spring-beans\6.1.11\spring-beans-6.1.11.jar;C:\Users\Lemache Cristhian\.m2\repository\io\micrometer\micrometer-observation\1.13.2\micrometer-observation-1.13.2.jar;C:\Users\Lemache Cristhian\.m2\repository\io\micrometer\micrometer-commons\1.13.2\micrometer-commons-1.13.2.jar;C:\Users\Lemache Cristhian\.m2\repository\org\springframework\spring-webmvc\6.1.11\spring-webmvc-6.1.11.jar;C:\Users\Lemache Cristhian\.m2\repository\org\springframework\spring-aop\6.1.11\spring-aop-6.1.11.jar;C:\Users\Lemache Cristhian\.m2\repository\org\springframework\spring-context\6.1.11\spring-context-6.1.11.jar;C:\Users\Lemache Cristhian\.m2\repository\org\springframework\spring-expression\6.1.11\spring-expression-6.1.11.jar;C:\Users\Lemache Cristhian\.m2\repository\org\springframework\boot\spring-boot-starter-test\3.3.2\spring-boot-starter-test-3.3.2.jar;C:\Users\Lemache Cristhian\.m2\repository\org\springframework\boot\spring-boot-test\3.3.2\spring-boot-test-3.3.2.jar;C:\Users\Lemache Cristhian\.m2\repository\org\springframework\boot\spring-boot-test-autoconfigure\3.3.2\spring-boot-test-autoconfigure-3.3.2.jar;C:\Users\Lemache Cristhian\.m2\repository\com\jayway\jsonpath\json-path\2.9.0\json-path-2.9.0.jar;C:\Users\Lemache Cristhian\.m2\repository\org\slf4j\slf4j-api\2.0.13\slf4j-api-2.0.13.jar;C:\Users\Lemache Cristhian\.m2\repository\net\minidev\json-smart\2.5.1\json-smart-2.5.1.jar;C:\Users\Lemache Cristhian\.m2\repository\net\minidev\accessors-smart\2.5.1\accessors-smart-2.5.1.jar;C:\Users\Lemache Cristhian\.m2\repository\org\ow2\asm\asm\9.6\asm-9.6.jar;C:\Users\Lemache Cristhian\.m2\repository\org\assertj\assertj-core\3.25.3\assertj-core-3.25.3.jar;C:\Users\Lemache Cristhian\.m2\repository\net\bytebuddy\byte-buddy\1.14.18\byte-buddy-1.14.18.jar;C:\Users\Lemache Cristhian\.m2\repository\org\awaitility\awaitility\4.2.1\awaitility-4.2.1.jar;C:\Users\Lemache Cristhian\.m2\repository\org\hamcrest\hamcrest\2.2\hamcrest-2.2.jar;C:\Users\Lemache Cristhian\.m2\repository\org\junit\jupiter\junit-jupiter\5.10.3\junit-jupiter-5.10.3.jar;C:\Users\Lemache Cristhian\.m2\repository\org\junit\jupiter\junit-jupiter-api\5.10.3\junit-jupiter-api-5.10.3.jar;C:\Users\Lemache Cristhian\.m2\repository\org\opentest4j\opentest4j\1.3.0\opentest4j-1.3.0.jar;C:\Users\Lemache Cristhian\.m2\repository\org\junit\platform\junit-platform-commons\1.10.3\junit-platform-commons-1.10.3.jar;C:\Users\Lemache Cristhian\.m2\repository\org\apiguardian\apiguardian-api\1.1.2\apiguardian-api-1.1.2.jar;C:\Users\Lemache Cristhian\.m2\repository\org\junit\jupiter\junit-jupiter-params\5.10.3\junit-jupiter-params-5.10.3.jar;C:\Users\Lemache Cristhian\.m2\repository\org\junit\jupiter\junit-jupiter-engine\5.10.3\junit-jupiter-engine-5.10.3.jar;C:\Users\Lemache Cristhian\.m2\repository\org\junit\platform\junit-platform-engine\1.10.3\junit-platform-engine-1.10.3.jar;C:\Users\Lemache Cristhian\.m2\repository\org\mockito\mockito-core\5.11.0\mockito-core-5.11.0.jar;C:\Users\Lemache Cristhian\.m2\repository\net\bytebuddy\byte-buddy-agent\1.14.18\byte-buddy-agent-1.14.18.jar;C:\Users\Lemache Cristhian\.m2\repository\org\objenesis\objenesis\3.3\objenesis-3.3.jar;C:\Users\Lemache Cristhian\.m2\repository\org\mockito\mockito-junit-jupiter\5.11.0\mockito-junit-jupiter-5.11.0.jar;C:\Users\Lemache Cristhian\.m2\repository\org\skyscreamer\jsonassert\1.5.3\jsonassert-1.5.3.jar;C:\Users\Lemache Cristhian\.m2\repository\com\vaadin\external\google\android-json\0.0.20131108.vaadin1\android-json-0.0.20131108.vaadin1.jar;C:\Users\Lemache Cristhian\.m2\repository\org\springframework\spring-core\6.1.11\spring-core-6.1.11.jar;C:\Users\Lemache Cristhian\.m2\repository\org\springframework\spring-jcl\6.1.11\spring-jcl-6.1.11.jar;C:\Users\Lemache Cristhian\.m2\repository\org\springframework\spring-test\6.1.11\spring-test-6.1.11.jar;C:\Users\Lemache Cristhian\.m2\repository\org\xmlunit\xmlunit-core\2.9.1\xmlunit-core-2.9.1.jar;C:\Users\Lemache Cristhian\.m2\repository\org\bouncycastle\bcprov-jdk18on\1.76\bcprov-jdk18on-1.76.jar;C:\Users\Lemache Cristhian\.m2\repository\org\springframework\boot\spring-boot-starter-amqp\3.3.2\spring-boot-starter-amqp-3.3.2.jar;C:\Users\Lemache Cristhian\.m2\repository\org\springframework\spring-messaging\6.1.11\spring-messaging-6.1.11.jar;C:\Users\Lemache Cristhian\.m2\repository\org\springframework\amqp\spring-rabbit\3.1.6\spring-rabbit-3.1.6.jar;C:\Users\Lemache Cristhian\.m2\repository\org\springframework\amqp\spring-amqp\3.1.6\spring-amqp-3.1.6.jar;C:\Users\Lemache Cristhian\.m2\repository\org\springframework\retry\spring-retry\2.0.7\spring-retry-2.0.7.jar;C:\Users\Lemache Cristhian\.m2\repository\com\rabbitmq\amqp-client\5.21.0\amqp-client-5.21.0.jar;C:\Users\Lemache Cristhian\.m2\repository\org\springframework\spring-tx\6.1.11\spring-tx-6.1.11.jar;C:\Users\Lemache Cristhian\.m2\repository\org\apktool\apktool-lib\2.9.3\apktool-lib-2.9.3.jar;C:\Users\Lemache Cristhian\.m2\repository\org\apktool\brut.j.dir\2.9.3\brut.j.dir-2.9.3.jar;C:\Users\Lemache Cristhian\.m2\repository\org\apktool\brut.j.util\2.9.3\brut.j.util-2.9.3.jar;C:\Users\Lemache Cristhian\.m2\repository\org\apktool\brut.j.common\2.9.3\brut.j.common-2.9.3.jar;C:\Users\Lemache Cristhian\.m2\repository\com\android\tools\smali\smali\3.0.3\smali-3.0.3.jar;C:\Users\Lemache Cristhian\.m2\repository\org\antlr\antlr\3.5.2\antlr-3.5.2.jar;C:\Users\Lemache Cristhian\.m2\repository\org\antlr\ST4\4.0.8\ST4-4.0.8.jar;C:\Users\Lemache Cristhian\.m2\repository\org\antlr\antlr-runtime\3.5.2\antlr-runtime-3.5.2.jar;C:\Users\Lemache Cristhian\.m2\repository\org\antlr\stringtemplate\3.2.1\stringtemplate-3.2.1.jar;C:\Users\Lemache Cristhian\.m2\repository\antlr\antlr\2.7.7\antlr-2.7.7.jar;C:\Users\Lemache Cristhian\.m2\repository\xpp3\xpp3\1.1.4c\xpp3-1.1.4c.jar;C:\Users\Lemache Cristhian\.m2\repository\com\google\guava\guava\32.0.1-jre\guava-32.0.1-jre.jar;C:\Users\Lemache Cristhian\.m2\repository\com\google\guava\failureaccess\1.0.1\failureaccess-1.0.1.jar;C:\Users\Lemache Cristhian\.m2\repository\com\google\guava\listenablefuture\9999.0-empty-to-avoid-conflict-with-guava\listenablefuture-9999.0-empty-to-avoid-conflict-with-guava.jar;C:\Users\Lemache Cristhian\.m2\repository\com\google\code\findbugs\jsr305\3.0.2\jsr305-3.0.2.jar;C:\Users\Lemache Cristhian\.m2\repository\org\checkerframework\checker-qual\3.33.0\checker-qual-3.33.0.jar;C:\Users\Lemache Cristhian\.m2\repository\com\google\errorprone\error_prone_annotations\2.18.0\error_prone_annotations-2.18.0.jar;C:\Users\Lemache Cristhian\.m2\repository\com\google\j2objc\j2objc-annotations\2.8\j2objc-annotations-2.8.jar;C:\Users\Lemache Cristhian\.m2\repository\commons-io\commons-io\2.15.1\commons-io-2.15.1.jar;C:\Users\Lemache Cristhian\.m2\repository\org\apache\commons\commons-text\1.11.0\commons-text-1.11.0.jar;C:\Users\Lemache Cristhian\.m2\repository\com\android\tools\smali\smali-baksmali\3.0.3\smali-baksmali-3.0.3.jar;C:\Users\Lemache Cristhian\.m2\repository\com\android\tools\smali\smali-dexlib2\3.0.3\smali-dexlib2-3.0.3.jar;C:\Users\Lemache Cristhian\.m2\repository\com\android\tools\smali\smali-util\3.0.3\smali-util-3.0.3.jar;C:\Users\Lemache Cristhian\.m2\repository\com\beust\jcommander\1.64\jcommander-1.64.jar;C:\Users\Lemache Cristhian\.m2\repository\org\apache\commons\commons-lang3\3.16.0\commons-lang3-3.16.0.jar;C:\Users\Lemache Cristhian\.m2\repository\jakarta\xml\bind\jakarta.xml.bind-api\4.0.1\jakarta.xml.bind-api-4.0.1.jar;C:\Users\Lemache Cristhian\.m2\repository\jakarta\activation\jakarta.activation-api\2.1.3\jakarta.activation-api-2.1.3.jar;C:\Users\Lemache Cristhian\.m2\repository\com\fasterxml\jackson\dataformat\jackson-dataformat-xml\2.17.2\jackson-dataformat-xml-2.17.2.jar;C:\Users\Lemache Cristhian\.m2\repository\com\fasterxml\jackson\core\jackson-core\2.17.2\jackson-core-2.17.2.jar;C:\Users\Lemache Cristhian\.m2\repository\com\fasterxml\jackson\core\jackson-annotations\2.17.2\jackson-annotations-2.17.2.jar;C:\Users\Lemache Cristhian\.m2\repository\com\fasterxml\jackson\core\jackson-databind\2.17.2\jackson-databind-2.17.2.jar;C:\Users\Lemache Cristhian\.m2\repository\org\codehaus\woodstox\stax2-api\4.2.2\stax2-api-4.2.2.jar;C:\Users\Lemache Cristhian\.m2\repository\com\fasterxml\woodstox\woodstox-core\6.7.0\woodstox-core-6.7.0.jar;"/>
    <property name="java.vm.vendor" value="Amazon.com Inc."/>
    <property name="sun.arch.data.model" value="64"/>
    <property name="user.variant" value=""/>
    <property name="java.vendor.url" value="https://aws.amazon.com/corretto/"/>
    <property name="user.timezone" value="America/Guayaquil"/>
    <property name="os.name" value="Windows 11"/>
    <property name="java.vm.specification.version" value="17"/>
    <property name="sun.java.launcher" value="SUN_STANDARD"/>
    <property name="user.country" value="EC"/>
    <property name="sun.boot.library.path" value="C:\Program Files\Amazon Corretto\jdk17.0.12_7\bin"/>
    <property name="sun.java.command" value="C:\Users\Lemache Cristhian\AppData\Local\Temp\surefire356901248677364796\surefirebooter-20240823115358211_3.jar C:\Users\Lemache Cristhian\AppData\Local\Temp\surefire356901248677364796 2024-08-23T11-53-58_091-jvmRun1 surefire-20240823115358211_1tmp surefire_0-20240823115358211_2tmp"/>
    <property name="jdk.debug" value="release"/>
    <property name="surefire.test.class.path" value="C:\Users\Lemache Cristhian\Documents\demoDecompileApk\target\test-classes;C:\Users\Lemache Cristhian\Documents\demoDecompileApk\target\classes;C:\Users\Lemache Cristhian\.m2\repository\org\springframework\boot\spring-boot-starter-web\3.3.2\spring-boot-starter-web-3.3.2.jar;C:\Users\Lemache Cristhian\.m2\repository\org\springframework\boot\spring-boot-starter\3.3.2\spring-boot-starter-3.3.2.jar;C:\Users\Lemache Cristhian\.m2\repository\org\springframework\boot\spring-boot\3.3.2\spring-boot-3.3.2.jar;C:\Users\Lemache Cristhian\.m2\repository\org\springframework\boot\spring-boot-autoconfigure\3.3.2\spring-boot-autoconfigure-3.3.2.jar;C:\Users\Lemache Cristhian\.m2\repository\org\springframework\boot\spring-boot-starter-logging\3.3.2\spring-boot-starter-logging-3.3.2.jar;C:\Users\Lemache Cristhian\.m2\repository\ch\qos\logback\logback-classic\1.5.6\logback-classic-1.5.6.jar;C:\Users\Lemache Cristhian\.m2\repository\ch\qos\logback\logback-core\1.5.6\logback-core-1.5.6.jar;C:\Users\Lemache Cristhian\.m2\repository\org\apache\logging\log4j\log4j-to-slf4j\2.23.1\log4j-to-slf4j-2.23.1.jar;C:\Users\Lemache Cristhian\.m2\repository\org\apache\logging\log4j\log4j-api\2.23.1\log4j-api-2.23.1.jar;C:\Users\Lemache Cristhian\.m2\repository\org\slf4j\jul-to-slf4j\2.0.13\jul-to-slf4j-2.0.13.jar;C:\Users\Lemache Cristhian\.m2\repository\jakarta\annotation\jakarta.annotation-api\2.1.1\jakarta.annotation-api-2.1.1.jar;C:\Users\Lemache Cristhian\.m2\repository\org\yaml\snakeyaml\2.2\snakeyaml-2.2.jar;C:\Users\Lemache Cristhian\.m2\repository\org\springframework\boot\spring-boot-starter-json\3.3.2\spring-boot-starter-json-3.3.2.jar;C:\Users\Lemache Cristhian\.m2\repository\com\fasterxml\jackson\datatype\jackson-datatype-jdk8\2.17.2\jackson-datatype-jdk8-2.17.2.jar;C:\Users\Lemache Cristhian\.m2\repository\com\fasterxml\jackson\datatype\jackson-datatype-jsr310\2.17.2\jackson-datatype-jsr310-2.17.2.jar;C:\Users\Lemache Cristhian\.m2\repository\com\fasterxml\jackson\module\jackson-module-parameter-names\2.17.2\jackson-module-parameter-names-2.17.2.jar;C:\Users\Lemache Cristhian\.m2\repository\org\springframework\boot\spring-boot-starter-tomcat\3.3.2\spring-boot-starter-tomcat-3.3.2.jar;C:\Users\Lemache Cristhian\.m2\repository\org\apache\tomcat\embed\tomcat-embed-core\10.1.26\tomcat-embed-core-10.1.26.jar;C:\Users\Lemache Cristhian\.m2\repository\org\apache\tomcat\embed\tomcat-embed-el\10.1.26\tomcat-embed-el-10.1.26.jar;C:\Users\Lemache Cristhian\.m2\repository\org\apache\tomcat\embed\tomcat-embed-websocket\10.1.26\tomcat-embed-websocket-10.1.26.jar;C:\Users\Lemache Cristhian\.m2\repository\org\springframework\spring-web\6.1.11\spring-web-6.1.11.jar;C:\Users\Lemache Cristhian\.m2\repository\org\springframework\spring-beans\6.1.11\spring-beans-6.1.11.jar;C:\Users\Lemache Cristhian\.m2\repository\io\micrometer\micrometer-observation\1.13.2\micrometer-observation-1.13.2.jar;C:\Users\Lemache Cristhian\.m2\repository\io\micrometer\micrometer-commons\1.13.2\micrometer-commons-1.13.2.jar;C:\Users\Lemache Cristhian\.m2\repository\org\springframework\spring-webmvc\6.1.11\spring-webmvc-6.1.11.jar;C:\Users\Lemache Cristhian\.m2\repository\org\springframework\spring-aop\6.1.11\spring-aop-6.1.11.jar;C:\Users\Lemache Cristhian\.m2\repository\org\springframework\spring-context\6.1.11\spring-context-6.1.11.jar;C:\Users\Lemache Cristhian\.m2\repository\org\springframework\spring-expression\6.1.11\spring-expression-6.1.11.jar;C:\Users\Lemache Cristhian\.m2\repository\org\springframework\boot\spring-boot-starter-test\3.3.2\spring-boot-starter-test-3.3.2.jar;C:\Users\Lemache Cristhian\.m2\repository\org\springframework\boot\spring-boot-test\3.3.2\spring-boot-test-3.3.2.jar;C:\Users\Lemache Cristhian\.m2\repository\org\springframework\boot\spring-boot-test-autoconfigure\3.3.2\spring-boot-test-autoconfigure-3.3.2.jar;C:\Users\Lemache Cristhian\.m2\repository\com\jayway\jsonpath\json-path\2.9.0\json-path-2.9.0.jar;C:\Users\Lemache Cristhian\.m2\repository\org\slf4j\slf4j-api\2.0.13\slf4j-api-2.0.13.jar;C:\Users\Lemache Cristhian\.m2\repository\net\minidev\json-smart\2.5.1\json-smart-2.5.1.jar;C:\Users\Lemache Cristhian\.m2\repository\net\minidev\accessors-smart\2.5.1\accessors-smart-2.5.1.jar;C:\Users\Lemache Cristhian\.m2\repository\org\ow2\asm\asm\9.6\asm-9.6.jar;C:\Users\Lemache Cristhian\.m2\repository\org\assertj\assertj-core\3.25.3\assertj-core-3.25.3.jar;C:\Users\Lemache Cristhian\.m2\repository\net\bytebuddy\byte-buddy\1.14.18\byte-buddy-1.14.18.jar;C:\Users\Lemache Cristhian\.m2\repository\org\awaitility\awaitility\4.2.1\awaitility-4.2.1.jar;C:\Users\Lemache Cristhian\.m2\repository\org\hamcrest\hamcrest\2.2\hamcrest-2.2.jar;C:\Users\Lemache Cristhian\.m2\repository\org\junit\jupiter\junit-jupiter\5.10.3\junit-jupiter-5.10.3.jar;C:\Users\Lemache Cristhian\.m2\repository\org\junit\jupiter\junit-jupiter-api\5.10.3\junit-jupiter-api-5.10.3.jar;C:\Users\Lemache Cristhian\.m2\repository\org\opentest4j\opentest4j\1.3.0\opentest4j-1.3.0.jar;C:\Users\Lemache Cristhian\.m2\repository\org\junit\platform\junit-platform-commons\1.10.3\junit-platform-commons-1.10.3.jar;C:\Users\Lemache Cristhian\.m2\repository\org\apiguardian\apiguardian-api\1.1.2\apiguardian-api-1.1.2.jar;C:\Users\Lemache Cristhian\.m2\repository\org\junit\jupiter\junit-jupiter-params\5.10.3\junit-jupiter-params-5.10.3.jar;C:\Users\Lemache Cristhian\.m2\repository\org\junit\jupiter\junit-jupiter-engine\5.10.3\junit-jupiter-engine-5.10.3.jar;C:\Users\Lemache Cristhian\.m2\repository\org\junit\platform\junit-platform-engine\1.10.3\junit-platform-engine-1.10.3.jar;C:\Users\Lemache Cristhian\.m2\repository\org\mockito\mockito-core\5.11.0\mockito-core-5.11.0.jar;C:\Users\Lemache Cristhian\.m2\repository\net\bytebuddy\byte-buddy-agent\1.14.18\byte-buddy-agent-1.14.18.jar;C:\Users\Lemache Cristhian\.m2\repository\org\objenesis\objenesis\3.3\objenesis-3.3.jar;C:\Users\Lemache Cristhian\.m2\repository\org\mockito\mockito-junit-jupiter\5.11.0\mockito-junit-jupiter-5.11.0.jar;C:\Users\Lemache Cristhian\.m2\repository\org\skyscreamer\jsonassert\1.5.3\jsonassert-1.5.3.jar;C:\Users\Lemache Cristhian\.m2\repository\com\vaadin\external\google\android-json\0.0.20131108.vaadin1\android-json-0.0.20131108.vaadin1.jar;C:\Users\Lemache Cristhian\.m2\repository\org\springframework\spring-core\6.1.11\spring-core-6.1.11.jar;C:\Users\Lemache Cristhian\.m2\repository\org\springframework\spring-jcl\6.1.11\spring-jcl-6.1.11.jar;C:\Users\Lemache Cristhian\.m2\repository\org\springframework\spring-test\6.1.11\spring-test-6.1.11.jar;C:\Users\Lemache Cristhian\.m2\repository\org\xmlunit\xmlunit-core\2.9.1\xmlunit-core-2.9.1.jar;C:\Users\Lemache Cristhian\.m2\repository\org\bouncycastle\bcprov-jdk18on\1.76\bcprov-jdk18on-1.76.jar;C:\Users\Lemache Cristhian\.m2\repository\org\springframework\boot\spring-boot-starter-amqp\3.3.2\spring-boot-starter-amqp-3.3.2.jar;C:\Users\Lemache Cristhian\.m2\repository\org\springframework\spring-messaging\6.1.11\spring-messaging-6.1.11.jar;C:\Users\Lemache Cristhian\.m2\repository\org\springframework\amqp\spring-rabbit\3.1.6\spring-rabbit-3.1.6.jar;C:\Users\Lemache Cristhian\.m2\repository\org\springframework\amqp\spring-amqp\3.1.6\spring-amqp-3.1.6.jar;C:\Users\Lemache Cristhian\.m2\repository\org\springframework\retry\spring-retry\2.0.7\spring-retry-2.0.7.jar;C:\Users\Lemache Cristhian\.m2\repository\com\rabbitmq\amqp-client\5.21.0\amqp-client-5.21.0.jar;C:\Users\Lemache Cristhian\.m2\repository\org\springframework\spring-tx\6.1.11\spring-tx-6.1.11.jar;C:\Users\Lemache Cristhian\.m2\repository\org\apktool\apktool-lib\2.9.3\apktool-lib-2.9.3.jar;C:\Users\Lemache Cristhian\.m2\repository\org\apktool\brut.j.dir\2.9.3\brut.j.dir-2.9.3.jar;C:\Users\Lemache Cristhian\.m2\repository\org\apktool\brut.j.util\2.9.3\brut.j.util-2.9.3.jar;C:\Users\Lemache Cristhian\.m2\repository\org\apktool\brut.j.common\2.9.3\brut.j.common-2.9.3.jar;C:\Users\Lemache Cristhian\.m2\repository\com\android\tools\smali\smali\3.0.3\smali-3.0.3.jar;C:\Users\Lemache Cristhian\.m2\repository\org\antlr\antlr\3.5.2\antlr-3.5.2.jar;C:\Users\Lemache Cristhian\.m2\repository\org\antlr\ST4\4.0.8\ST4-4.0.8.jar;C:\Users\Lemache Cristhian\.m2\repository\org\antlr\antlr-runtime\3.5.2\antlr-runtime-3.5.2.jar;C:\Users\Lemache Cristhian\.m2\repository\org\antlr\stringtemplate\3.2.1\stringtemplate-3.2.1.jar;C:\Users\Lemache Cristhian\.m2\repository\antlr\antlr\2.7.7\antlr-2.7.7.jar;C:\Users\Lemache Cristhian\.m2\repository\xpp3\xpp3\1.1.4c\xpp3-1.1.4c.jar;C:\Users\Lemache Cristhian\.m2\repository\com\google\guava\guava\32.0.1-jre\guava-32.0.1-jre.jar;C:\Users\Lemache Cristhian\.m2\repository\com\google\guava\failureaccess\1.0.1\failureaccess-1.0.1.jar;C:\Users\Lemache Cristhian\.m2\repository\com\google\guava\listenablefuture\9999.0-empty-to-avoid-conflict-with-guava\listenablefuture-9999.0-empty-to-avoid-conflict-with-guava.jar;C:\Users\Lemache Cristhian\.m2\repository\com\google\code\findbugs\jsr305\3.0.2\jsr305-3.0.2.jar;C:\Users\Lemache Cristhian\.m2\repository\org\checkerframework\checker-qual\3.33.0\checker-qual-3.33.0.jar;C:\Users\Lemache Cristhian\.m2\repository\com\google\errorprone\error_prone_annotations\2.18.0\error_prone_annotations-2.18.0.jar;C:\Users\Lemache Cristhian\.m2\repository\com\google\j2objc\j2objc-annotations\2.8\j2objc-annotations-2.8.jar;C:\Users\Lemache Cristhian\.m2\repository\commons-io\commons-io\2.15.1\commons-io-2.15.1.jar;C:\Users\Lemache Cristhian\.m2\repository\org\apache\commons\commons-text\1.11.0\commons-text-1.11.0.jar;C:\Users\Lemache Cristhian\.m2\repository\com\android\tools\smali\smali-baksmali\3.0.3\smali-baksmali-3.0.3.jar;C:\Users\Lemache Cristhian\.m2\repository\com\android\tools\smali\smali-dexlib2\3.0.3\smali-dexlib2-3.0.3.jar;C:\Users\Lemache Cristhian\.m2\repository\com\android\tools\smali\smali-util\3.0.3\smali-util-3.0.3.jar;C:\Users\Lemache Cristhian\.m2\repository\com\beust\jcommander\1.64\jcommander-1.64.jar;C:\Users\Lemache Cristhian\.m2\repository\org\apache\commons\commons-lang3\3.16.0\commons-lang3-3.16.0.jar;C:\Users\Lemache Cristhian\.m2\repository\jakarta\xml\bind\jakarta.xml.bind-api\4.0.1\jakarta.xml.bind-api-4.0.1.jar;C:\Users\Lemache Cristhian\.m2\repository\jakarta\activation\jakarta.activation-api\2.1.3\jakarta.activation-api-2.1.3.jar;C:\Users\Lemache Cristhian\.m2\repository\com\fasterxml\jackson\dataformat\jackson-dataformat-xml\2.17.2\jackson-dataformat-xml-2.17.2.jar;C:\Users\Lemache Cristhian\.m2\repository\com\fasterxml\jackson\core\jackson-core\2.17.2\jackson-core-2.17.2.jar;C:\Users\Lemache Cristhian\.m2\repository\com\fasterxml\jackson\core\jackson-annotations\2.17.2\jackson-annotations-2.17.2.jar;C:\Users\Lemache Cristhian\.m2\repository\com\fasterxml\jackson\core\jackson-databind\2.17.2\jackson-databind-2.17.2.jar;C:\Users\Lemache Cristhian\.m2\repository\org\codehaus\woodstox\stax2-api\4.2.2\stax2-api-4.2.2.jar;C:\Users\Lemache Cristhian\.m2\repository\com\fasterxml\woodstox\woodstox-core\6.7.0\woodstox-core-6.7.0.jar;"/>
    <property name="sun.cpu.endian" value="little"/>
    <property name="user.home" value="C:\Users\Lemache Cristhian"/>
    <property name="user.language" value="es"/>
    <property name="java.specification.vendor" value="Oracle Corporation"/>
    <property name="java.version.date" value="2024-07-16"/>
    <property name="java.home" value="C:\Program Files\Amazon Corretto\jdk17.0.12_7"/>
    <property name="file.separator" value="\"/>
    <property name="basedir" value="C:\Users\Lemache Cristhian\Documents\demoDecompileApk"/>
    <property name="java.vm.compressedOopsMode" value="Zero based"/>
    <property name="line.separator" value="&#10;"/>
    <property name="java.vm.specification.vendor" value="Oracle Corporation"/>
    <property name="java.specification.name" value="Java Platform API Specification"/>
    <property name="FILE_LOG_CHARSET" value="windows-1252"/>
    <property name="java.awt.headless" value="true"/>
    <property name="surefire.real.class.path" value="C:\Users\Lemache Cristhian\AppData\Local\Temp\surefire356901248677364796\surefirebooter-20240823115358211_3.jar"/>
    <property name="user.script" value=""/>
    <property name="sun.management.compiler" value="HotSpot 64-Bit Tiered Compilers"/>
    <property name="java.runtime.version" value="17.0.12+7-LTS"/>
    <property name="user.name" value="Lemache Cristhian"/>
    <property name="path.separator" value=";"/>
    <property name="os.version" value="10.0"/>
    <property name="java.runtime.name" value="OpenJDK Runtime Environment"/>
    <property name="file.encoding" value="Cp1252"/>
    <property name="java.vm.name" value="OpenJDK 64-Bit Server VM"/>
    <property name="java.vendor.version" value="Corretto-17.0.12.7.1"/>
    <property name="localRepository" value="C:\Users\Lemache Cristhian\.m2\repository"/>
    <property name="java.vendor.url.bug" value="https://github.com/corretto/corretto-17/issues/"/>
    <property name="java.io.tmpdir" value="C:\Users\LEMACH~1\AppData\Local\Temp\"/>
    <property name="idea.version" value="2024.2"/>
    <property name="java.version" value="17.0.12"/>
    <property name="user.dir" value="C:\Users\Lemache Cristhian\Documents\demoDecompileApk"/>
    <property name="os.arch" value="amd64"/>
    <property name="java.vm.specification.name" value="Java Virtual Machine Specification"/>
    <property name="PID" value="3428"/>
    <property name="sun.os.patch.level" value=""/>
    <property name="CONSOLE_LOG_CHARSET" value="windows-1252"/>
    <property name="native.encoding" value="Cp1252"/>
    <property name="java.library.path" value="C:\Program Files\Amazon Corretto\jdk17.0.12_7\bin;C:\Windows\Sun\Java\bin;C:\Windows\system32;C:\Windows;C:\Program Files\Amazon Corretto\jdk17.0.12_7\bin;C:\Windows\system32;C:\Windows;C:\Windows\System32\Wbem;C:\Windows\System32\WindowsPowerShell\v1.0\;C:\Windows\System32\OpenSSH\;C:\Program Files\Git\cmd;C:\Program Files (x86)\Microsoft SQL Server\160\DTS\Binn\;C:\Program Files\Docker\Docker\resources\bin;C:\Users\Lemache Cristhian\AppData\Local\Microsoft\WindowsApps;C:\Users\Lemache Cristhian\AppData\Local\Programs\Microsoft VS Code\bin;."/>
    <property name="java.vm.info" value="mixed mode, sharing"/>
    <property name="java.vendor" value="Amazon.com Inc."/>
    <property name="java.vm.version" value="17.0.12+7-LTS"/>
    <property name="sun.io.unicode.encoding" value="UnicodeLittle"/>
    <property name="java.class.version" value="61.0"/>
    <property name="LOGGED_APPLICATION_NAME" value="[demoDecompileApk] "/>
  </properties>
  <testcase name="contextLoads" classname="com.easyflow.demodecompileapk.DemoDecompileApkApplicationTests" time="0.878">
    <system-out><![CDATA[11:53:59.094 [main] INFO org.springframework.test.context.support.AnnotationConfigContextLoaderUtils -- Could not detect default configuration classes for test class [com.easyflow.demodecompileapk.DemoDecompileApkApplicationTests]: DemoDecompileApkApplicationTests does not declare any static, non-private, non-final, nested classes annotated with @Configuration.
11:53:59.191 [main] INFO org.springframework.boot.test.context.SpringBootTestContextBootstrapper -- Found @SpringBootConfiguration com.easyflow.demodecompileapk.DemoDecompileApkApplication for test class com.easyflow.demodecompileapk.DemoDecompileApkApplicationTests
                        __ _
                       / _| |
   ___  __ _ ___ _   _| |_| | _____      __
  / _ \/ _` / __| | | |  _| |/ _ \ \ /\ / /
 |  __/ (_| \__ \ |_| | | | | (_) \ V  V /
  \___|\__,_|___/\__, |_| |_|\___/ \_/\_/
                  __/ |
                 |___/

 :: Worker Integration Services :: (Version: 3.3.2 - RELEASE)
2024-08-23T11:53:59.606-05:00  INFO 3428 --- [demoDecompileApk] [           main] c.e.d.DemoDecompileApkApplicationTests   : Starting DemoDecompileApkApplicationTests using Java 17.0.12 with PID 3428 (started by Lemache Cristhian in C:\Users\Lemache Cristhian\Documents\demoDecompileApk)
2024-08-23T11:53:59.611-05:00  INFO 3428 --- [demoDecompileApk] [           main] c.e.d.DemoDecompileApkApplicationTests   : The following 1 profile is active: "dev"
2024-08-23T11:54:01.361-05:00  INFO 3428 --- [demoDecompileApk] [           main] c.e.d.DemoDecompileApkApplicationTests   : Started DemoDecompileApkApplicationTests in 2.03 seconds (process running for 3.041)
]]></system-out>
  </testcase>
</testsuite>